  main.cpp
d:\clouds\git\im16.1-acg-project\include\learnopengl\shader.h(63): warning C4101: 'infoLog': unreferenced local variable
d:\clouds\git\im16.1-acg-project\include\learnopengl\shader.h(62): warning C4101: 'success': unreferenced local variable
d:\clouds\git\im16.1-acg-project\rainynight\rainynight\main.cpp(106): warning C4244: 'initializing': conversion from 'double' to 'GLfloat', possible loss of data
LINK : warning LNK4098: defaultlib 'LIBCMT' conflicts with use of other libs; use /NODEFAULTLIB:library
RainSystem.obj : warning LNK4049: locally defined symbol ___glewBindBuffer imported
RainSystem.obj : warning LNK4049: locally defined symbol ___glewBufferData imported
RainSystem.obj : warning LNK4049: locally defined symbol ___glewGenBuffers imported
RainSystem.obj : warning LNK4049: locally defined symbol ___glewEnableVertexAttribArray imported
RainSystem.obj : warning LNK4049: locally defined symbol ___glewGetUniformLocation imported
RainSystem.obj : warning LNK4049: locally defined symbol ___glewUniformMatrix4fv imported
RainSystem.obj : warning LNK4049: locally defined symbol ___glewVertexAttribPointer imported
RainSystem.obj : warning LNK4049: locally defined symbol ___glewDrawArraysInstanced imported
RainSystem.obj : warning LNK4049: locally defined symbol ___glewVertexAttribDivisor imported
SOIL.lib(image_DXT.obj) : warning LNK4099: PDB 'vc110.pdb' was not found with 'SOIL.lib(image_DXT.obj)' or at 'D:\Clouds\Git\im16.1-acg-project\RainyNight\Debug\vc110.pdb'; linking object as if no debug info
SOIL.lib(image_helper.obj) : warning LNK4099: PDB 'vc110.pdb' was not found with 'SOIL.lib(image_helper.obj)' or at 'D:\Clouds\Git\im16.1-acg-project\RainyNight\Debug\vc110.pdb'; linking object as if no debug info
SOIL.lib(SOIL.obj) : warning LNK4099: PDB 'vc110.pdb' was not found with 'SOIL.lib(SOIL.obj)' or at 'D:\Clouds\Git\im16.1-acg-project\RainyNight\Debug\vc110.pdb'; linking object as if no debug info
SOIL.lib(stb_image_aug.obj) : warning LNK4099: PDB 'vc110.pdb' was not found with 'SOIL.lib(stb_image_aug.obj)' or at 'D:\Clouds\Git\im16.1-acg-project\RainyNight\Debug\vc110.pdb'; linking object as if no debug info
glfw3.lib(context.obj) : warning LNK4099: PDB 'glfw.pdb' was not found with 'glfw3.lib(context.obj)' or at 'D:\Clouds\Git\im16.1-acg-project\RainyNight\Debug\glfw.pdb'; linking object as if no debug info
glfw3.lib(init.obj) : warning LNK4099: PDB 'glfw.pdb' was not found with 'glfw3.lib(init.obj)' or at 'D:\Clouds\Git\im16.1-acg-project\RainyNight\Debug\glfw.pdb'; linking object as if no debug info
glfw3.lib(input.obj) : warning LNK4099: PDB 'glfw.pdb' was not found with 'glfw3.lib(input.obj)' or at 'D:\Clouds\Git\im16.1-acg-project\RainyNight\Debug\glfw.pdb'; linking object as if no debug info
glfw3.lib(monitor.obj) : warning LNK4099: PDB 'glfw.pdb' was not found with 'glfw3.lib(monitor.obj)' or at 'D:\Clouds\Git\im16.1-acg-project\RainyNight\Debug\glfw.pdb'; linking object as if no debug info
glfw3.lib(vulkan.obj) : warning LNK4099: PDB 'glfw.pdb' was not found with 'glfw3.lib(vulkan.obj)' or at 'D:\Clouds\Git\im16.1-acg-project\RainyNight\Debug\glfw.pdb'; linking object as if no debug info
glfw3.lib(window.obj) : warning LNK4099: PDB 'glfw.pdb' was not found with 'glfw3.lib(window.obj)' or at 'D:\Clouds\Git\im16.1-acg-project\RainyNight\Debug\glfw.pdb'; linking object as if no debug info
glfw3.lib(win32_init.obj) : warning LNK4099: PDB 'glfw.pdb' was not found with 'glfw3.lib(win32_init.obj)' or at 'D:\Clouds\Git\im16.1-acg-project\RainyNight\Debug\glfw.pdb'; linking object as if no debug info
glfw3.lib(win32_joystick.obj) : warning LNK4099: PDB 'glfw.pdb' was not found with 'glfw3.lib(win32_joystick.obj)' or at 'D:\Clouds\Git\im16.1-acg-project\RainyNight\Debug\glfw.pdb'; linking object as if no debug info
glfw3.lib(win32_monitor.obj) : warning LNK4099: PDB 'glfw.pdb' was not found with 'glfw3.lib(win32_monitor.obj)' or at 'D:\Clouds\Git\im16.1-acg-project\RainyNight\Debug\glfw.pdb'; linking object as if no debug info
glfw3.lib(win32_time.obj) : warning LNK4099: PDB 'glfw.pdb' was not found with 'glfw3.lib(win32_time.obj)' or at 'D:\Clouds\Git\im16.1-acg-project\RainyNight\Debug\glfw.pdb'; linking object as if no debug info
glfw3.lib(win32_tls.obj) : warning LNK4099: PDB 'glfw.pdb' was not found with 'glfw3.lib(win32_tls.obj)' or at 'D:\Clouds\Git\im16.1-acg-project\RainyNight\Debug\glfw.pdb'; linking object as if no debug info
glfw3.lib(win32_window.obj) : warning LNK4099: PDB 'glfw.pdb' was not found with 'glfw3.lib(win32_window.obj)' or at 'D:\Clouds\Git\im16.1-acg-project\RainyNight\Debug\glfw.pdb'; linking object as if no debug info
glfw3.lib(wgl_context.obj) : warning LNK4099: PDB 'glfw.pdb' was not found with 'glfw3.lib(wgl_context.obj)' or at 'D:\Clouds\Git\im16.1-acg-project\RainyNight\Debug\glfw.pdb'; linking object as if no debug info
glfw3.lib(egl_context.obj) : warning LNK4099: PDB 'glfw.pdb' was not found with 'glfw3.lib(egl_context.obj)' or at 'D:\Clouds\Git\im16.1-acg-project\RainyNight\Debug\glfw.pdb'; linking object as if no debug info
glew32s.lib(glew.obj) : warning LNK4099: PDB 'vc120.pdb' was not found with 'glew32s.lib(glew.obj)' or at 'D:\Clouds\Git\im16.1-acg-project\RainyNight\Debug\vc120.pdb'; linking object as if no debug info
  RainyNight.vcxproj -> D:\Clouds\Git\im16.1-acg-project\RainyNight\Debug\RainyNight.exe
  RainyNight.vcxproj -> D:\Clouds\Git\im16.1-acg-project\RainyNight\Debug\RainyNight.pdb (Partial PDB)
